{
  "RSpec": {
    "coverage": {
      "/Users/ivan/Development/flatiron/code/amoeba-circus-on-rails-ruby-003/app/controllers/acts_controller.rb": [
        1,
        1,
        2,
        null,
        null,
        1,
        2,
        null,
        null,
        1,
        3,
        3,
        null,
        null,
        1,
        1,
        3,
        1,
        1,
        1,
        null,
        null
      ],
      "/Users/ivan/Development/flatiron/code/amoeba-circus-on-rails-ruby-003/app/controllers/application_controller.rb": [
        1,
        null,
        null,
        1,
        null
      ],
      "/Users/ivan/Development/flatiron/code/amoeba-circus-on-rails-ruby-003/app/controllers/amoebas_controller.rb": [
        1,
        1,
        5,
        null,
        null,
        1,
        5,
        null,
        null,
        1,
        4,
        4,
        4,
        12,
        4,
        4,
        null,
        null,
        1,
        3,
        3,
        null,
        null,
        1,
        1,
        3,
        1,
        1,
        1,
        null,
        null
      ],
      "/Users/ivan/Development/flatiron/code/amoeba-circus-on-rails-ruby-003/app/models/act_amoeba.rb": [
        1,
        1,
        1,
        null
      ],
      "/Users/ivan/Development/flatiron/code/amoeba-circus-on-rails-ruby-003/app/models/act.rb": [
        1,
        1,
        1,
        null
      ],
      "/Users/ivan/Development/flatiron/code/amoeba-circus-on-rails-ruby-003/app/models/amoeba.rb": [
        1,
        1,
        null,
        1,
        1,
        null,
        1,
        8,
        8,
        null,
        null
      ],
      "/Users/ivan/Development/flatiron/code/amoeba-circus-on-rails-ruby-003/app/models/talent.rb": [
        1,
        1,
        null
      ]
    },
    "timestamp": 1384299219
  },
  "Cucumber Features": {
    "coverage": {
      "/Users/ivan/Development/flatiron/code/amoeba-circus-on-rails-ruby-003/app/models/act.rb": [
        1,
        1,
        1,
        null
      ],
      "/Users/ivan/Development/flatiron/code/amoeba-circus-on-rails-ruby-003/app/models/talent.rb": [
        1,
        1,
        null
      ],
      "/Users/ivan/Development/flatiron/code/amoeba-circus-on-rails-ruby-003/app/models/amoeba.rb": [
        1,
        1,
        null,
        1,
        1,
        null
      ],
      "/Users/ivan/Development/flatiron/code/amoeba-circus-on-rails-ruby-003/app/models/act_amoeba.rb": [
        1,
        1,
        1,
        null
      ],
      "/Users/ivan/Development/flatiron/code/amoeba-circus-on-rails-ruby-003/app/controllers/amoebas_controller.rb": [
        1,
        1,
        0,
        null,
        null,
        1,
        1,
        null,
        null,
        1,
        0,
        0,
        0,
        0,
        0,
        0,
        null,
        null,
        1,
        2,
        null,
        null,
        1,
        1,
        1,
        1,
        null,
        null,
        1,
        0,
        0,
        null,
        null
      ],
      "/Users/ivan/Development/flatiron/code/amoeba-circus-on-rails-ruby-003/app/controllers/application_controller.rb": [
        1,
        null,
        null,
        1,
        null
      ]
    },
    "timestamp": 1384144757
  }
}
